<?xml version="1.0" encoding="UTF-8"?>
<robot generator="Robot 7.2 (Python 3.9.1 on win32)" generated="2025-02-24T10:27:49.353746" rpa="false" schemaversion="5">
<suite id="s1" name="Tc" source="C:\Users\jetsada.b\Desktop\Database_asgmt_auto\Testcase\tc.robot">
<test id="s1-t1" name="TC02 - Verify can decrease product qty" line="12">
<kw name="Connect To Database And Fetch Data" owner="commom_keyword">
<kw name="Connect To Database" owner="DatabaseLibrary">
<msg time="2025-02-24T10:27:49.417266" level="INFO">Looking for configuration file: 'resources\db.cfg'</msg>
<msg time="2025-02-24T10:27:49.417266" level="INFO">Configuration file doesn't exist</msg>
<msg time="2025-02-24T10:27:49.427834" level="INFO">Connect to DB using : psycopg2.connect(database='training_platform_db', user='doppio-training-user', password=***, host='125.26.15.143', port=10004)</msg>
<arg>${DB_DRIVER}</arg>
<arg>${DB_NAME}</arg>
<arg>${DB_USER}</arg>
<arg>${DB_PASSWORD}</arg>
<arg>${DB_HOST}</arg>
<arg>${DB_PORT}</arg>
<doc>Creates a database connection using the DB API 2.0 ``db_module`` and the parameters provided.
Along with listed commonly used arguments (`db_name`, `db_host` etc.)
you can set any other DB module specific parameters as key/value pairs.</doc>
<status status="PASS" start="2025-02-24T10:27:49.417266" elapsed="0.079748"/>
</kw>
<kw name="Log To Console" owner="BuiltIn">
<arg>🟢</arg>
<doc>Logs the given message to the console.</doc>
<status status="PASS" start="2025-02-24T10:27:49.498048" elapsed="0.000975"/>
</kw>
<kw name="Log To Console" owner="BuiltIn">
<arg>.Database : Connect</arg>
<doc>Logs the given message to the console.</doc>
<status status="PASS" start="2025-02-24T10:27:49.499023" elapsed="0.000000"/>
</kw>
<status status="PASS" start="2025-02-24T10:27:49.416269" elapsed="0.082754"/>
</kw>
<kw name="Check If Item Not Exist In Database Then Added" owner="commom_keyword">
<kw name="Query" owner="DatabaseLibrary">
<msg time="2025-02-24T10:27:49.500532" level="INFO" html="true">Executing sql:&lt;br&gt;&lt;code style="font-weight: bold;"&gt;SELECT COUNT(id) FROM product WHERE name='Jetsada phone';&lt;/code&gt;</msg>
<msg time="2025-02-24T10:27:49.518235" level="INFO" html="true">&lt;div style="max-width: 100%; overflow-x: auto;"&gt;&lt;table style="width: auto; border-collapse: collapse; border: 2px solid rgb(140 140 140)"&gt;&lt;caption style="text-align: left; font-weight: bold; padding: 5px;"&gt;Query returned 1 rows&lt;/caption&gt;&lt;tr&gt;&lt;th scope="col" style="background-color: #d6ecd4; border: 1px solid rgb(160 160 160);padding: 8px 10px;text-align: center;"&gt;Row&lt;/th&gt;&lt;th scope="col" style="background-color: #505050; color: #fff;border: 1px solid rgb(160 160 160);padding: 8px 10px;text-align: center;"&gt;count&lt;/th&gt;&lt;/tr&gt;&lt;tr style="background-color: #eee;"&gt;&lt;th scope="row" style="background-color: #d6ecd4;border: 1px solid rgb(160 160 160);padding: 8px 10px;text-align: center;"&gt;0&lt;/th&gt;&lt;td style="border: 1px solid rgb(160 160 160);padding: 8px 10px;text-align: center;"&gt;1&lt;/td&gt;&lt;/tr&gt;&lt;/table&gt;&lt;/div&gt;</msg>
<msg time="2025-02-24T10:27:49.518235" level="INFO">${result} = [(1,)]</msg>
<var>${result}</var>
<arg>SELECT COUNT(id) FROM product WHERE name='Jetsada phone';</arg>
<doc>Runs a query with the ``select_statement`` and returns the result as list of rows.
The type of row values depends on the database module -
usually they are tuples or tuple-like objects.</doc>
<status status="PASS" start="2025-02-24T10:27:49.500532" elapsed="0.018542"/>
</kw>
<kw name="Set Variable" owner="BuiltIn">
<msg time="2025-02-24T10:27:49.520077" level="INFO">${count} = 1</msg>
<var>${count}</var>
<arg>${result[0][0]}</arg>
<doc>Returns the given values which can then be assigned to a variables.</doc>
<status status="PASS" start="2025-02-24T10:27:49.519074" elapsed="0.001003"/>
</kw>
<if>
<branch type="IF" condition="${count} == 0">
<kw name="Execute Sql String" owner="DatabaseLibrary">
<arg>INSERT INTO product (id, name, description, qty, price, rec_status) VALUES (666, 'Jetsada phone', 'Smartphone', 10, 10000, 1);</arg>
<doc>Executes the ``sql_string`` as a single SQL command.</doc>
<status status="NOT RUN" start="2025-02-24T10:27:49.520587" elapsed="0.000000"/>
</kw>
<kw name="Log To Console" owner="BuiltIn">
<arg>Database : Inserted "Jetsada phone" into database</arg>
<doc>Logs the given message to the console.</doc>
<status status="NOT RUN" start="2025-02-24T10:27:49.520587" elapsed="0.000000"/>
</kw>
<kw name="Query" owner="DatabaseLibrary">
<var>${new_count}</var>
<arg>SELECT COUNT(*) FROM product WHERE name='Jetsada phone';</arg>
<doc>Runs a query with the ``select_statement`` and returns the result as list of rows.
The type of row values depends on the database module -
usually they are tuples or tuple-like objects.</doc>
<status status="NOT RUN" start="2025-02-24T10:27:49.520587" elapsed="0.000000"/>
</kw>
<kw name="Should Be Equal As Numbers" owner="BuiltIn">
<arg>${new_count[0][0]}</arg>
<arg>1</arg>
<arg>"Insert failed"</arg>
<doc>Fails if objects are unequal after converting them to real numbers.</doc>
<status status="NOT RUN" start="2025-02-24T10:27:49.520587" elapsed="0.000000"/>
</kw>
<status status="NOT RUN" start="2025-02-24T10:27:49.520587" elapsed="0.000000"/>
</branch>
<branch type="ELSE">
<kw name="Log To Console" owner="BuiltIn">
<arg>Database : "Jetsada phone" already exists, skipping insert</arg>
<doc>Logs the given message to the console.</doc>
<status status="PASS" start="2025-02-24T10:27:49.520587" elapsed="0.000000"/>
</kw>
<status status="PASS" start="2025-02-24T10:27:49.520587" elapsed="0.000000"/>
</branch>
<status status="PASS" start="2025-02-24T10:27:49.520587" elapsed="0.000000"/>
</if>
<status status="PASS" start="2025-02-24T10:27:49.500023" elapsed="0.022074"/>
</kw>
<kw name="Decrease Product QTY" owner="decrease_product">
<kw name="Get Every Product And Verify Data" owner="get_product">
<kw name="Query" owner="DatabaseLibrary">
<msg time="2025-02-24T10:27:49.524110" level="INFO" html="true">Executing sql:&lt;br&gt;&lt;code style="font-weight: bold;"&gt;SELECT * FROM product WHERE name='Jetsada phone';&lt;/code&gt;</msg>
<msg time="2025-02-24T10:27:49.532020" level="INFO" html="true">&lt;div style="max-width: 100%; overflow-x: auto;"&gt;&lt;table style="width: auto; border-collapse: collapse; border: 2px solid rgb(140 140 140)"&gt;&lt;caption style="text-align: left; font-weight: bold; padding: 5px;"&gt;Query returned 1 rows&lt;/caption&gt;&lt;tr&gt;&lt;th scope="col" style="background-color: #d6ecd4; border: 1px solid rgb(160 160 160);padding: 8px 10px;text-align: center;"&gt;Row&lt;/th&gt;&lt;th scope="col" style="background-color: #505050; color: #fff;border: 1px solid rgb(160 160 160);padding: 8px 10px;text-align: center;"&gt;id&lt;/th&gt;&lt;th scope="col" style="background-color: #505050; color: #fff;border: 1px solid rgb(160 160 160);padding: 8px 10px;text-align: center;"&gt;name&lt;/th&gt;&lt;th scope="col" style="background-color: #505050; color: #fff;border: 1px solid rgb(160 160 160);padding: 8px 10px;text-align: center;"&gt;description&lt;/th&gt;&lt;th scope="col" style="background-color: #505050; color: #fff;border: 1px solid rgb(160 160 160);padding: 8px 10px;text-align: center;"&gt;qty&lt;/th&gt;&lt;th scope="col" style="background-color: #505050; color: #fff;border: 1px solid rgb(160 160 160);padding: 8px 10px;text-align: center;"&gt;price&lt;/th&gt;&lt;th scope="col" style="background-color: #505050; color: #fff;border: 1px solid rgb(160 160 160);padding: 8px 10px;text-align: center;"&gt;discount&lt;/th&gt;&lt;th scope="col" style="background-color: #505050; color: #fff;border: 1px solid rgb(160 160 160);padding: 8px 10px;text-align: center;"&gt;image_url&lt;/th&gt;&lt;th scope="col" style="background-color: #505050; color: #fff;border: 1px solid rgb(160 160 160);padding: 8px 10px;text-align: center;"&gt;product_category_id&lt;/th&gt;&lt;th scope="col" style="background-color: #505050; color: #fff;border: 1px solid rgb(160 160 160);padding: 8px 10px;text-align: center;"&gt;rec_created_when&lt;/th&gt;&lt;th scope="col" style="background-color: #505050; color: #fff;border: 1px solid rgb(160 160 160);padding: 8px 10px;text-align: center;"&gt;rec_modified_when&lt;/th&gt;&lt;th scope="col" style="background-color: #505050; color: #fff;border: 1px solid rgb(160 160 160);padding: 8px 10px;text-align: center;"&gt;rec_status&lt;/th&gt;&lt;/tr&gt;&lt;tr style="background-color: #eee;"&gt;&lt;th scope="row" style="background-color: #d6ecd4;border: 1px solid rgb(160 160 160);padding: 8px 10px;text-align: center;"&gt;0&lt;/th&gt;&lt;td style="border: 1px solid rgb(160 160 160);padding: 8px 10px;text-align: center;"&gt;666&lt;/td&gt;&lt;td style="border: 1px solid rgb(160 160 160);padding: 8px 10px;text-align: center;"&gt;Jetsada phone&lt;/td&gt;&lt;td style="border: 1px solid rgb(160 160 160);padding: 8px 10px;text-align: center;"&gt;Smartphone&lt;/td&gt;&lt;td style="border: 1px solid rgb(160 160 160);padding: 8px 10px;text-align: center;"&gt;10&lt;/td&gt;&lt;td style="border: 1px solid rgb(160 160 160);padding: 8px 10px;text-align: center;"&gt;10000.00&lt;/td&gt;&lt;td style="border: 1px solid rgb(160 160 160);padding: 8px 10px;text-align: center;"&gt;None&lt;/td&gt;&lt;td style="border: 1px solid rgb(160 160 160);padding: 8px 10px;text-align: center;"&gt;None&lt;/td&gt;&lt;td style="border: 1px solid rgb(160 160 160);padding: 8px 10px;text-align: center;"&gt;None&lt;/td&gt;&lt;td style="border: 1px solid rgb(160 160 160);padding: 8px 10px;text-align: center;"&gt;2025-02-24 10:15:21.275747+07:00&lt;/td&gt;&lt;td style="border: 1px solid rgb(160 160 160);padding: 8px 10px;text-align: center;"&gt;None&lt;/td&gt;&lt;td style="border: 1px solid rgb(160 160 160);padding: 8px 10px;text-align: center;"&gt;1&lt;/td&gt;&lt;/tr&gt;&lt;/table&gt;&lt;/div&gt;</msg>
<msg time="2025-02-24T10:27:49.533019" level="INFO">${result} = [(666, 'Jetsada phone', 'Smartphone', 10, Decimal('10000.00'), None, None, None, datetime.datetime(2025, 2, 24, 10, 15, 21, 275747, tzinfo=datetime.timezone(datetime.timedelta(seconds=25200))), None, ...</msg>
<var>${result}</var>
<arg>SELECT * FROM product WHERE name='Jetsada phone';</arg>
<doc>Runs a query with the ``select_statement`` and returns the result as list of rows.
The type of row values depends on the database module -
usually they are tuples or tuple-like objects.</doc>
<status status="PASS" start="2025-02-24T10:27:49.524110" elapsed="0.008909"/>
</kw>
<kw name="Should Not Be Empty" owner="BuiltIn">
<msg time="2025-02-24T10:27:49.534020" level="INFO">Length is 1.</msg>
<arg>${result}</arg>
<arg>"Item not exists"</arg>
<doc>Verifies that the given item is not empty.</doc>
<status status="PASS" start="2025-02-24T10:27:49.533019" elapsed="0.001001"/>
</kw>
<kw name="Set Variable" owner="BuiltIn">
<msg time="2025-02-24T10:27:49.534020" level="INFO">${id} = 666</msg>
<var>${id}</var>
<arg>${result[0][0]}</arg>
<doc>Returns the given values which can then be assigned to a variables.</doc>
<status status="PASS" start="2025-02-24T10:27:49.534020" elapsed="0.000000"/>
</kw>
<kw name="Set Variable" owner="BuiltIn">
<msg time="2025-02-24T10:27:49.535249" level="INFO">${name} = Jetsada phone</msg>
<var>${name}</var>
<arg>${result[0][1]}</arg>
<doc>Returns the given values which can then be assigned to a variables.</doc>
<status status="PASS" start="2025-02-24T10:27:49.534020" elapsed="0.001229"/>
</kw>
<kw name="Set Variable" owner="BuiltIn">
<msg time="2025-02-24T10:27:49.535249" level="INFO">${description} = Smartphone</msg>
<var>${description}</var>
<arg>${result[0][2]}</arg>
<doc>Returns the given values which can then be assigned to a variables.</doc>
<status status="PASS" start="2025-02-24T10:27:49.535249" elapsed="0.000000"/>
</kw>
<kw name="Set Variable" owner="BuiltIn">
<msg time="2025-02-24T10:27:49.536245" level="INFO">${qty} = 10</msg>
<var>${qty}</var>
<arg>${result[0][3]}</arg>
<doc>Returns the given values which can then be assigned to a variables.</doc>
<status status="PASS" start="2025-02-24T10:27:49.535249" elapsed="0.000996"/>
</kw>
<kw name="Set Variable" owner="BuiltIn">
<msg time="2025-02-24T10:27:49.536245" level="INFO">${price} = 10000.00</msg>
<var>${price}</var>
<arg>${result[0][4]}</arg>
<doc>Returns the given values which can then be assigned to a variables.</doc>
<status status="PASS" start="2025-02-24T10:27:49.536245" elapsed="0.000000"/>
</kw>
<kw name="Set Variable" owner="BuiltIn">
<msg time="2025-02-24T10:27:49.537239" level="INFO">${rec_status} = None</msg>
<var>${rec_status}</var>
<arg>${result[0][5]}</arg>
<doc>Returns the given values which can then be assigned to a variables.</doc>
<status status="PASS" start="2025-02-24T10:27:49.536245" elapsed="0.000994"/>
</kw>
<kw name="Run Keyword If" owner="BuiltIn">
<kw name="Set Variable" owner="BuiltIn">
<arg>1</arg>
<doc>Returns the given values which can then be assigned to a variables.</doc>
<status status="PASS" start="2025-02-24T10:27:49.537239" elapsed="0.000000"/>
</kw>
<msg time="2025-02-24T10:27:49.537239" level="INFO">${rec_status} = 1</msg>
<var>${rec_status}</var>
<arg>'${rec_status}' == 'None'</arg>
<arg>Set Variable</arg>
<arg>1</arg>
<arg>ELSE</arg>
<arg>Set Variable</arg>
<arg>${rec_status}</arg>
<doc>Runs the given keyword with the given arguments, if ``condition`` is true.</doc>
<status status="PASS" start="2025-02-24T10:27:49.537239" elapsed="0.000000"/>
</kw>
<kw name="Log To Console" owner="BuiltIn">
<arg>${id}</arg>
<doc>Logs the given message to the console.</doc>
<status status="PASS" start="2025-02-24T10:27:49.537239" elapsed="0.001028"/>
</kw>
<kw name="Log To Console" owner="BuiltIn">
<arg>${name}</arg>
<doc>Logs the given message to the console.</doc>
<status status="PASS" start="2025-02-24T10:27:49.538267" elapsed="0.001511"/>
</kw>
<kw name="Log To Console" owner="BuiltIn">
<arg>${description}</arg>
<doc>Logs the given message to the console.</doc>
<status status="PASS" start="2025-02-24T10:27:49.539778" elapsed="0.002012"/>
</kw>
<kw name="Log To Console" owner="BuiltIn">
<arg>${qty}</arg>
<doc>Logs the given message to the console.</doc>
<status status="PASS" start="2025-02-24T10:27:49.541790" elapsed="0.000998"/>
</kw>
<kw name="Log To Console" owner="BuiltIn">
<arg>${price}</arg>
<doc>Logs the given message to the console.</doc>
<status status="PASS" start="2025-02-24T10:27:49.542788" elapsed="0.000000"/>
</kw>
<kw name="Log To Console" owner="BuiltIn">
<arg>${rec_status}</arg>
<doc>Logs the given message to the console.</doc>
<status status="PASS" start="2025-02-24T10:27:49.542788" elapsed="0.001009"/>
</kw>
<kw name="Should Be Equal As Numbers" owner="BuiltIn">
<msg time="2025-02-24T10:27:49.543797" level="INFO">Argument types are:
&lt;class 'int'&gt;
&lt;class 'str'&gt;</msg>
<arg>${id}</arg>
<arg>666</arg>
<arg>"Record status does not match!"</arg>
<doc>Fails if objects are unequal after converting them to real numbers.</doc>
<status status="PASS" start="2025-02-24T10:27:49.543797" elapsed="0.000000"/>
</kw>
<kw name="Should Be Equal" owner="BuiltIn">
<arg>${name}</arg>
<arg>Jetsada phone</arg>
<arg>"Product name does not match!"</arg>
<doc>Fails if the given objects are unequal.</doc>
<status status="PASS" start="2025-02-24T10:27:49.543797" elapsed="0.001010"/>
</kw>
<kw name="Should Be Equal" owner="BuiltIn">
<arg>${description}</arg>
<arg>Smartphone</arg>
<arg>"Description does not match!"</arg>
<doc>Fails if the given objects are unequal.</doc>
<status status="PASS" start="2025-02-24T10:27:49.544807" elapsed="0.000000"/>
</kw>
<kw name="Should Be Equal As Numbers" owner="BuiltIn">
<msg time="2025-02-24T10:27:49.544807" level="INFO">Argument types are:
&lt;class 'int'&gt;
&lt;class 'str'&gt;</msg>
<arg>${qty}</arg>
<arg>10</arg>
<arg>"Quantity does not match!"</arg>
<doc>Fails if objects are unequal after converting them to real numbers.</doc>
<status status="PASS" start="2025-02-24T10:27:49.544807" elapsed="0.000000"/>
</kw>
<kw name="Should Be Equal As Numbers" owner="BuiltIn">
<msg time="2025-02-24T10:27:49.544807" level="INFO">Argument types are:
&lt;class 'decimal.Decimal'&gt;
&lt;class 'str'&gt;</msg>
<arg>${price}</arg>
<arg>10000</arg>
<arg>"Price does not match!"</arg>
<doc>Fails if objects are unequal after converting them to real numbers.</doc>
<status status="PASS" start="2025-02-24T10:27:49.544807" elapsed="0.000000"/>
</kw>
<kw name="Should Be Equal As Numbers" owner="BuiltIn">
<arg>${rec_status}</arg>
<arg>1</arg>
<arg>"Record status does not match!"</arg>
<doc>Fails if objects are unequal after converting them to real numbers.</doc>
<status status="PASS" start="2025-02-24T10:27:49.544807" elapsed="0.001002"/>
</kw>
<return>
<value>${qty}</value>
<value>${id}</value>
<status status="PASS" start="2025-02-24T10:27:49.545809" elapsed="0.000000"/>
</return>
<msg time="2025-02-24T10:27:49.545809" level="INFO">${product_qty} = 10</msg>
<msg time="2025-02-24T10:27:49.545809" level="INFO">${product_id} = 666</msg>
<var>${product_qty}</var>
<var>${product_id}</var>
<status status="PASS" start="2025-02-24T10:27:49.523116" elapsed="0.023680"/>
</kw>
<if>
<branch type="IF" condition="${product_qty} &gt; 0">
<kw name="Evaluate" owner="BuiltIn">
<msg time="2025-02-24T10:27:49.546796" level="INFO">${new_qty} = 9</msg>
<var>${new_qty}</var>
<arg>${product_qty} - 1</arg>
<doc>Evaluates the given expression in Python and returns the result.</doc>
<status status="PASS" start="2025-02-24T10:27:49.546796" elapsed="0.000000"/>
</kw>
<kw name="Execute Sql String" owner="DatabaseLibrary">
<msg time="2025-02-24T10:27:49.546796" level="INFO" html="true">Executing sql:&lt;br&gt;&lt;code style="font-weight: bold;"&gt;UPDATE product SET qty=10 WHERE id=666;&lt;/code&gt;</msg>
<msg time="2025-02-24T10:27:49.554582" level="INFO">Commit the transaction</msg>
<arg>UPDATE product SET qty=${product_qty} WHERE id=${product_id};</arg>
<doc>Executes the ``sql_string`` as a single SQL command.</doc>
<status status="PASS" start="2025-02-24T10:27:49.546796" elapsed="0.019522"/>
</kw>
<kw name="Log To Console" owner="BuiltIn">
<arg>"Decreased QTY from ${product_qty} to ${new_qty}"</arg>
<doc>Logs the given message to the console.</doc>
<status status="PASS" start="2025-02-24T10:27:49.567411" elapsed="0.000988"/>
</kw>
<status status="PASS" start="2025-02-24T10:27:49.546796" elapsed="0.021603"/>
</branch>
<branch type="ELSE">
<kw name="Log To Console" owner="BuiltIn">
<arg>"QTY is 0, cannot decrease."</arg>
<doc>Logs the given message to the console.</doc>
<status status="NOT RUN" start="2025-02-24T10:27:49.568399" elapsed="0.000000"/>
</kw>
<status status="NOT RUN" start="2025-02-24T10:27:49.568399" elapsed="0.000000"/>
</branch>
<status status="PASS" start="2025-02-24T10:27:49.546796" elapsed="0.021603"/>
</if>
<status status="PASS" start="2025-02-24T10:27:49.522097" elapsed="0.046302"/>
</kw>
<kw name="Check If Item Exist In Database Then Delete" owner="delete_product">
<kw name="Query" owner="DatabaseLibrary">
<msg time="2025-02-24T10:27:49.569928" level="INFO" html="true">Executing sql:&lt;br&gt;&lt;code style="font-weight: bold;"&gt;SELECT COUNT(id) FROM product WHERE name='Jetsada phone';&lt;/code&gt;</msg>
<msg time="2025-02-24T10:27:49.584015" level="INFO" html="true">&lt;div style="max-width: 100%; overflow-x: auto;"&gt;&lt;table style="width: auto; border-collapse: collapse; border: 2px solid rgb(140 140 140)"&gt;&lt;caption style="text-align: left; font-weight: bold; padding: 5px;"&gt;Query returned 1 rows&lt;/caption&gt;&lt;tr&gt;&lt;th scope="col" style="background-color: #d6ecd4; border: 1px solid rgb(160 160 160);padding: 8px 10px;text-align: center;"&gt;Row&lt;/th&gt;&lt;th scope="col" style="background-color: #505050; color: #fff;border: 1px solid rgb(160 160 160);padding: 8px 10px;text-align: center;"&gt;count&lt;/th&gt;&lt;/tr&gt;&lt;tr style="background-color: #eee;"&gt;&lt;th scope="row" style="background-color: #d6ecd4;border: 1px solid rgb(160 160 160);padding: 8px 10px;text-align: center;"&gt;0&lt;/th&gt;&lt;td style="border: 1px solid rgb(160 160 160);padding: 8px 10px;text-align: center;"&gt;1&lt;/td&gt;&lt;/tr&gt;&lt;/table&gt;&lt;/div&gt;</msg>
<msg time="2025-02-24T10:27:49.584015" level="INFO">${delete_check} = [(1,)]</msg>
<var>${delete_check}</var>
<arg>SELECT COUNT(id) FROM product WHERE name='Jetsada phone';</arg>
<doc>Runs a query with the ``select_statement`` and returns the result as list of rows.
The type of row values depends on the database module -
usually they are tuples or tuple-like objects.</doc>
<status status="PASS" start="2025-02-24T10:27:49.568399" elapsed="0.015616"/>
</kw>
<kw name="Set Variable" owner="BuiltIn">
<msg time="2025-02-24T10:27:49.585015" level="INFO">${delete_count} = 1</msg>
<var>${delete_count}</var>
<arg>${delete_check[0][0]}</arg>
<doc>Returns the given values which can then be assigned to a variables.</doc>
<status status="PASS" start="2025-02-24T10:27:49.585015" elapsed="0.000000"/>
</kw>
<if>
<branch type="IF" condition="${delete_count} &gt; 0">
<kw name="Execute Sql String" owner="DatabaseLibrary">
<msg time="2025-02-24T10:27:49.586036" level="INFO" html="true">Executing sql:&lt;br&gt;&lt;code style="font-weight: bold;"&gt;DELETE FROM product WHERE name='Jetsada phone';&lt;/code&gt;</msg>
<msg time="2025-02-24T10:27:49.593041" level="INFO">Commit the transaction</msg>
<arg>DELETE FROM product WHERE name='Jetsada phone';</arg>
<doc>Executes the ``sql_string`` as a single SQL command.</doc>
<status status="PASS" start="2025-02-24T10:27:49.586036" elapsed="0.014109"/>
</kw>
<kw name="Log To Console" owner="BuiltIn">
<arg>Database : Deleted "Jetsada phone" from database</arg>
<doc>Logs the given message to the console.</doc>
<status status="PASS" start="2025-02-24T10:27:49.601423" elapsed="0.000000"/>
</kw>
<kw name="Query" owner="DatabaseLibrary">
<msg time="2025-02-24T10:27:49.601423" level="INFO" html="true">Executing sql:&lt;br&gt;&lt;code style="font-weight: bold;"&gt;SELECT COUNT(*) FROM product WHERE name='Jetsada phone';&lt;/code&gt;</msg>
<msg time="2025-02-24T10:27:49.616462" level="INFO" html="true">&lt;div style="max-width: 100%; overflow-x: auto;"&gt;&lt;table style="width: auto; border-collapse: collapse; border: 2px solid rgb(140 140 140)"&gt;&lt;caption style="text-align: left; font-weight: bold; padding: 5px;"&gt;Query returned 1 rows&lt;/caption&gt;&lt;tr&gt;&lt;th scope="col" style="background-color: #d6ecd4; border: 1px solid rgb(160 160 160);padding: 8px 10px;text-align: center;"&gt;Row&lt;/th&gt;&lt;th scope="col" style="background-color: #505050; color: #fff;border: 1px solid rgb(160 160 160);padding: 8px 10px;text-align: center;"&gt;count&lt;/th&gt;&lt;/tr&gt;&lt;tr style="background-color: #eee;"&gt;&lt;th scope="row" style="background-color: #d6ecd4;border: 1px solid rgb(160 160 160);padding: 8px 10px;text-align: center;"&gt;0&lt;/th&gt;&lt;td style="border: 1px solid rgb(160 160 160);padding: 8px 10px;text-align: center;"&gt;0&lt;/td&gt;&lt;/tr&gt;&lt;/table&gt;&lt;/div&gt;</msg>
<msg time="2025-02-24T10:27:49.616462" level="INFO">${final_count} = [(0,)]</msg>
<var>${final_count}</var>
<arg>SELECT COUNT(*) FROM product WHERE name='Jetsada phone';</arg>
<doc>Runs a query with the ``select_statement`` and returns the result as list of rows.
The type of row values depends on the database module -
usually they are tuples or tuple-like objects.</doc>
<status status="PASS" start="2025-02-24T10:27:49.601423" elapsed="0.015039"/>
</kw>
<kw name="Should Be Equal As Numbers" owner="BuiltIn">
<msg time="2025-02-24T10:27:49.617483" level="INFO">Argument types are:
&lt;class 'int'&gt;
&lt;class 'str'&gt;</msg>
<arg>${final_count[0][0]}</arg>
<arg>0</arg>
<arg>"Delete failed"</arg>
<doc>Fails if objects are unequal after converting them to real numbers.</doc>
<status status="PASS" start="2025-02-24T10:27:49.616462" elapsed="0.001021"/>
</kw>
<status status="PASS" start="2025-02-24T10:27:49.585015" elapsed="0.032468"/>
</branch>
<branch type="ELSE">
<kw name="Log To Console" owner="BuiltIn">
<arg>Database : "Jetsada phone" not found, skipping delete</arg>
<doc>Logs the given message to the console.</doc>
<status status="NOT RUN" start="2025-02-24T10:27:49.617483" elapsed="0.000000"/>
</kw>
<status status="NOT RUN" start="2025-02-24T10:27:49.617483" elapsed="0.000000"/>
</branch>
<status status="PASS" start="2025-02-24T10:27:49.585015" elapsed="0.032468"/>
</if>
<status status="PASS" start="2025-02-24T10:27:49.568399" elapsed="0.049084"/>
</kw>
<tag>tc02</tag>
<status status="PASS" start="2025-02-24T10:27:49.415265" elapsed="0.203220"/>
</test>
<status status="PASS" start="2025-02-24T10:27:49.360274" elapsed="0.258211"/>
</suite>
<statistics>
<total>
<stat pass="1" fail="0" skip="0">All Tests</stat>
</total>
<tag>
<stat pass="1" fail="0" skip="0">tc02</stat>
</tag>
<suite>
<stat name="Tc" id="s1" pass="1" fail="0" skip="0">Tc</stat>
</suite>
</statistics>
<errors>
</errors>
</robot>
